This file contains any messages produced by compilers while
running configure, to aid debugging if configure makes a mistake.

It was created by pairadise2 configure 1.0.0, which was
generated by GNU Autoconf 2.69.  Invocation command line was

  $ ./configure 

## --------- ##
## Platform. ##
## --------- ##

hostname = l-1-01
uname -m = x86_64
uname -r = 3.10.0-514.2.2.el7.x86_64
uname -s = Linux
uname -v = #1 SMP Tue Dec 6 23:06:41 UTC 2016

/usr/bin/uname -p = x86_64
/bin/uname -X     = unknown

/bin/arch              = x86_64
/usr/bin/arch -k       = unknown
/usr/convex/getsysinfo = unknown
/usr/bin/hostinfo      = unknown
/bin/machine           = unknown
/usr/bin/oslevel       = unknown
/bin/universe          = unknown

PATH: /home/demirdjial/panfs/programs/Python-2.7.15/bin
PATH: /home/demirdjial/.local/bin
PATH: /home/demirdjial/bin
PATH: /home/demirdjial/sratoolkit.2.9.2-ubuntu64/bin
PATH: /home/demirdjial/STAR-2.6.0a/source
PATH: /home/demirdjial/FastQC
PATH: /home/demirdjial/rMATS.4.0.2/rMATS-turbo-Linux-UCS2
PATH: /home/demirdjial/RSEM
PATH: /home/demirdjial/RSEM_exec
PATH: /home/demirdjial/plink-1.07-x86_64/
PATH: /cm/shared/apps/uge/8.6.6/bin/lx-amd64
PATH: /cm/shared/easybuild/software/EasyBuild/3.8.1/bin
PATH: /cm/local/apps/environment-modules/4.2.1//bin
PATH: /usr/local/bin
PATH: /usr/bin
PATH: /usr/local/sbin
PATH: /usr/sbin
PATH: /sbin
PATH: /usr/sbin
PATH: /cm/local/apps/environment-modules/4.2.1/bin
PATH: /opt/dell/srvadmin/bin


## ----------- ##
## Core tests. ##
## ----------- ##

configure:1771: checking for python
configure:1787: found /home/demirdjial/panfs/programs/Python-2.7.15/bin/python
configure:1799: result: yes
configure:1826: checking for STAR
configure:1842: found /home/demirdjial/STAR-2.6.0a/source/STAR
configure:1854: result: yes
configure:1925: checking for g++
configure:1941: found /usr/bin/g++
configure:1952: result: g++
configure:1979: checking for C++ compiler version
configure:1988: g++ --version >&5
g++ (GCC) 4.8.5 20150623 (Red Hat 4.8.5-36)
Copyright (C) 2015 Free Software Foundation, Inc.
This is free software; see the source for copying conditions.  There is NO
warranty; not even for MERCHANTABILITY or FITNESS FOR A PARTICULAR PURPOSE.

configure:1999: $? = 0
configure:1988: g++ -v >&5
Using built-in specs.
COLLECT_GCC=g++
COLLECT_LTO_WRAPPER=/usr/libexec/gcc/x86_64-redhat-linux/4.8.5/lto-wrapper
Target: x86_64-redhat-linux
Configured with: ../configure --prefix=/usr --mandir=/usr/share/man --infodir=/usr/share/info --with-bugurl=http://bugzilla.redhat.com/bugzilla --enable-bootstrap --enable-shared --enable-threads=posix --enable-checking=release --with-system-zlib --enable-__cxa_atexit --disable-libunwind-exceptions --enable-gnu-unique-object --enable-linker-build-id --with-linker-hash-style=gnu --enable-languages=c,c++,objc,obj-c++,java,fortran,ada,go,lto --enable-plugin --enable-initfini-array --disable-libgcj --with-isl=/builddir/build/BUILD/gcc-4.8.5-20150702/obj-x86_64-redhat-linux/isl-install --with-cloog=/builddir/build/BUILD/gcc-4.8.5-20150702/obj-x86_64-redhat-linux/cloog-install --enable-gnu-indirect-function --with-tune=generic --with-arch_32=x86-64 --build=x86_64-redhat-linux
Thread model: posix
gcc version 4.8.5 20150623 (Red Hat 4.8.5-36) (GCC) 
configure:1999: $? = 0
configure:1988: g++ -V >&5
g++: error: unrecognized command line option '-V'
g++: fatal error: no input files
compilation terminated.
configure:1999: $? = 4
configure:1988: g++ -qversion >&5
g++: error: unrecognized command line option '-qversion'
g++: fatal error: no input files
compilation terminated.
configure:1999: $? = 4
configure:2019: checking whether the C++ compiler works
configure:2041: g++    conftest.cpp  >&5
configure:2045: $? = 0
configure:2093: result: yes
configure:2096: checking for C++ compiler default output file name
configure:2098: result: a.out
configure:2104: checking for suffix of executables
configure:2111: g++ -o conftest    conftest.cpp  >&5
configure:2115: $? = 0
configure:2137: result: 
configure:2159: checking whether we are cross compiling
configure:2167: g++ -o conftest    conftest.cpp  >&5
configure:2171: $? = 0
configure:2178: ./conftest
configure:2182: $? = 0
configure:2197: result: no
configure:2202: checking for suffix of object files
configure:2224: g++ -c   conftest.cpp >&5
configure:2228: $? = 0
configure:2249: result: o
configure:2253: checking whether we are using the GNU C++ compiler
configure:2272: g++ -c   conftest.cpp >&5
configure:2272: $? = 0
configure:2281: result: yes
configure:2290: checking whether g++ accepts -g
configure:2310: g++ -c -g  conftest.cpp >&5
configure:2310: $? = 0
configure:2351: result: yes
configure:2384: checking for /home/demirdjial/panfs/programs/Python-2.7.15/bin:/home/demirdjial/.local/bin:/home/demirdjial/bin:/home/demirdjial/sratoolkit.2.9.2-ubuntu64/bin:/home/demirdjial/STAR-2.6.0a/source:/home/demirdjial/FastQC:/home/demirdjial/rMATS.4.0.2/rMATS-turbo-Linux-UCS2:/home/demirdjial/RSEM:/home/demirdjial/RSEM_exec:/home/demirdjial/plink-1.07-x86_64/:/cm/shared/apps/uge/8.6.6/bin/lx-amd64:/cm/shared/easybuild/software/EasyBuild/3.8.1/bin:/cm/local/apps/environment-modules/4.2.1//bin:/usr/local/bin:/usr/bin:/usr/local/sbin:/usr/sbin:/sbin:/usr/sbin:/cm/local/apps/environment-modules/4.2.1/bin:/opt/dell/srvadmin/bin
configure:2411: result: yes
configure:2426: checking for /home/demirdjial/panfs/programs/Python-2.7.15/bin:/home/demirdjial/.local/bin:/home/demirdjial/bin:/home/demirdjial/sratoolkit.2.9.2-ubuntu64/bin:/home/demirdjial/STAR-2.6.0a/source:/home/demirdjial/FastQC:/home/demirdjial/rMATS.4.0.2/rMATS-turbo-Linux-UCS2:/home/demirdjial/RSEM:/home/demirdjial/RSEM_exec:/home/demirdjial/plink-1.07-x86_64/:/cm/shared/apps/uge/8.6.6/bin/lx-amd64:/cm/shared/easybuild/software/EasyBuild/3.8.1/bin:/cm/local/apps/environment-modules/4.2.1//bin:/usr/local/bin:/usr/bin:/usr/local/sbin:/usr/sbin:/sbin:/usr/sbin:/cm/local/apps/environment-modules/4.2.1/bin:/opt/dell/srvadmin/bin
configure:2453: result: yes
configure:2618: creating ./config.status
configure:3595: error: write failure creating ./config.status

## ---------------- ##
## Cache variables. ##
## ---------------- ##

ac_cv_cxx_compiler_gnu=yes
ac_cv_env_CCC_set=
ac_cv_env_CCC_value=
ac_cv_env_CPPFLAGS_set=
ac_cv_env_CPPFLAGS_value=
ac_cv_env_CXXFLAGS_set=
ac_cv_env_CXXFLAGS_value=
ac_cv_env_CXX_set=
ac_cv_env_CXX_value=
ac_cv_env_LDFLAGS_set=
ac_cv_env_LDFLAGS_value=
ac_cv_env_LIBS_set=
ac_cv_env_LIBS_value=
ac_cv_env_build_alias_set=
ac_cv_env_build_alias_value=
ac_cv_env_host_alias_set=
ac_cv_env_host_alias_value=
ac_cv_env_target_alias_set=
ac_cv_env_target_alias_value=
ac_cv_objext=o
ac_cv_prog_PYTHON_CHECK=yes
ac_cv_prog_STAR_CHECK=yes
ac_cv_prog_ac_ct_CXX=g++
ac_cv_prog_cxx_g=yes

## ----------------- ##
## Output variables. ##
## ----------------- ##

CPPFLAGS=''
CXX='g++'
CXXFLAGS='-g -O2'
DEFS='-DPACKAGE_NAME=\"pairadise2\" -DPACKAGE_TARNAME=\"pairadise2\" -DPACKAGE_VERSION=\"1.0.0\" -DPACKAGE_STRING=\"pairadise2\ 1.0.0\" -DPACKAGE_BUGREPORT=\"\" -DPACKAGE_URL=\"\"'
ECHO_C=''
ECHO_N='-n'
ECHO_T=''
EXEEXT=''
LDFLAGS=''
LIBOBJS=''
LIBS=''
LTLIBOBJS=''
OBJEXT='o'
PACKAGE_BUGREPORT=''
PACKAGE_NAME='pairadise2'
PACKAGE_STRING='pairadise2 1.0.0'
PACKAGE_TARNAME='pairadise2'
PACKAGE_URL=''
PACKAGE_VERSION='1.0.0'
PATH_SEPARATOR=':'
PATH_TO_PYTHON=''
PATH_TO_STAR=''
PYTHON_CHECK='yes'
SHELL='/bin/sh'
STAR_CHECK='yes'
ac_ct_CXX='g++'
bindir='${exec_prefix}/bin'
build_alias=''
datadir='${datarootdir}'
datarootdir='${prefix}/share'
docdir='${datarootdir}/doc/${PACKAGE_TARNAME}'
dvidir='${docdir}'
exec_prefix='${prefix}'
host_alias=''
htmldir='${docdir}'
includedir='${prefix}/include'
infodir='${datarootdir}/info'
libdir='${exec_prefix}/lib'
libexecdir='${exec_prefix}/libexec'
localedir='${datarootdir}/locale'
localstatedir='${prefix}/var'
mandir='${datarootdir}/man'
oldincludedir='/usr/include'
pdfdir='${docdir}'
prefix='/usr/local'
program_transform_name='s,x,x,'
psdir='${docdir}'
sbindir='${exec_prefix}/sbin'
sharedstatedir='${prefix}/com'
sysconfdir='${prefix}/etc'
target_alias=''

## ----------- ##
## confdefs.h. ##
## ----------- ##

/* confdefs.h */
#define PACKAGE_NAME "pairadise2"
#define PACKAGE_TARNAME "pairadise2"
#define PACKAGE_VERSION "1.0.0"
#define PACKAGE_STRING "pairadise2 1.0.0"
#define PACKAGE_BUGREPORT ""
#define PACKAGE_URL ""

configure: exit 1
